Started GET "/" for 127.0.0.1 at 2023-11-22 08:52:29 -0300
  [1m[35m (1.1ms)[0m  [1m[35mCREATE TABLE "schema_migrations" ("version" varchar NOT NULL PRIMARY KEY)[0m
  [1m[35m (0.2ms)[0m  [1m[35mCREATE TABLE "ar_internal_metadata" ("key" varchar NOT NULL PRIMARY KEY, "value" varchar, "created_at" datetime(6) NOT NULL, "updated_at" datetime(6) NOT NULL)[0m
  [1m[36mActiveRecord::SchemaMigration Load (0.1ms)[0m  [1m[34mSELECT "schema_migrations"."version" FROM "schema_migrations" ORDER BY "schema_migrations"."version" ASC[0m
  
ActiveRecord::PendingMigrationError (

Migrations are pending. To resolve this issue, run:

        bin/rails db:migrate

You have 1 pending migration:

db/migrate/20231122115152_create_posts.rb


):
  
activerecord (7.1.2) lib/active_record/migration.rb:754:in `check_pending_migrations'
activerecord (7.1.2) lib/active_record/migration.rb:643:in `block (2 levels) in call'
activesupport (7.1.2) lib/active_support/file_update_checker.rb:85:in `execute'
activerecord (7.1.2) lib/active_record/migration.rb:648:in `block in call'
activerecord (7.1.2) lib/active_record/migration.rb:640:in `synchronize'
activerecord (7.1.2) lib/active_record/migration.rb:640:in `call'
actionpack (7.1.2) lib/action_dispatch/middleware/callbacks.rb:29:in `block in call'
activesupport (7.1.2) lib/active_support/callbacks.rb:101:in `run_callbacks'
actionpack (7.1.2) lib/action_dispatch/middleware/callbacks.rb:28:in `call'
actionpack (7.1.2) lib/action_dispatch/middleware/executor.rb:14:in `call'
actionpack (7.1.2) lib/action_dispatch/middleware/actionable_exceptions.rb:16:in `call'
actionpack (7.1.2) lib/action_dispatch/middleware/debug_exceptions.rb:29:in `call'
web-console (4.2.1) lib/web_console/middleware.rb:132:in `call_app'
web-console (4.2.1) lib/web_console/middleware.rb:28:in `block in call'
web-console (4.2.1) lib/web_console/middleware.rb:17:in `catch'
web-console (4.2.1) lib/web_console/middleware.rb:17:in `call'
actionpack (7.1.2) lib/action_dispatch/middleware/show_exceptions.rb:31:in `call'
railties (7.1.2) lib/rails/rack/logger.rb:37:in `call_app'
railties (7.1.2) lib/rails/rack/logger.rb:24:in `block in call'
activesupport (7.1.2) lib/active_support/tagged_logging.rb:135:in `block in tagged'
activesupport (7.1.2) lib/active_support/tagged_logging.rb:39:in `tagged'
activesupport (7.1.2) lib/active_support/tagged_logging.rb:135:in `tagged'
activesupport (7.1.2) lib/active_support/broadcast_logger.rb:240:in `method_missing'
railties (7.1.2) lib/rails/rack/logger.rb:24:in `call'
sprockets-rails (3.4.2) lib/sprockets/rails/quiet_assets.rb:13:in `call'
actionpack (7.1.2) lib/action_dispatch/middleware/remote_ip.rb:92:in `call'
actionpack (7.1.2) lib/action_dispatch/middleware/request_id.rb:28:in `call'
rack (3.0.8) lib/rack/method_override.rb:28:in `call'
rack (3.0.8) lib/rack/runtime.rb:24:in `call'
activesupport (7.1.2) lib/active_support/cache/strategy/local_cache_middleware.rb:29:in `call'
actionpack (7.1.2) lib/action_dispatch/middleware/server_timing.rb:59:in `block in call'
actionpack (7.1.2) lib/action_dispatch/middleware/server_timing.rb:24:in `collect_events'
actionpack (7.1.2) lib/action_dispatch/middleware/server_timing.rb:58:in `call'
actionpack (7.1.2) lib/action_dispatch/middleware/executor.rb:14:in `call'
actionpack (7.1.2) lib/action_dispatch/middleware/static.rb:25:in `call'
rack (3.0.8) lib/rack/sendfile.rb:114:in `call'
actionpack (7.1.2) lib/action_dispatch/middleware/host_authorization.rb:141:in `call'
railties (7.1.2) lib/rails/engine.rb:529:in `call'
puma (6.4.0) lib/puma/configuration.rb:272:in `call'
puma (6.4.0) lib/puma/request.rb:100:in `block in handle_request'
puma (6.4.0) lib/puma/thread_pool.rb:378:in `with_force_shutdown'
puma (6.4.0) lib/puma/request.rb:99:in `handle_request'
puma (6.4.0) lib/puma/server.rb:443:in `process_client'
puma (6.4.0) lib/puma/server.rb:241:in `block in run'
puma (6.4.0) lib/puma/thread_pool.rb:155:in `block in spawn_thread'
  [1m[36mActiveRecord::InternalMetadata Load (0.1ms)[0m  [1m[34mSELECT * FROM "ar_internal_metadata" WHERE "ar_internal_metadata"."key" = ? ORDER BY "ar_internal_metadata"."key" ASC LIMIT 1[0m  [[nil, "environment"]]
  [1m[36mActiveRecord::InternalMetadata Create (0.4ms)[0m  [1m[32mINSERT INTO "ar_internal_metadata" ("key", "value", "created_at", "updated_at") VALUES ('environment', 'development', '2023-11-22 11:52:56.451753', '2023-11-22 11:52:56.451756') RETURNING "key"[0m
  [1m[36mActiveRecord::SchemaMigration Load (0.1ms)[0m  [1m[34mSELECT "schema_migrations"."version" FROM "schema_migrations" ORDER BY "schema_migrations"."version" ASC[0m
Migrating to CreatePosts (20231122115152)
  [1m[36mTRANSACTION (0.0ms)[0m  [1m[36mbegin transaction[0m
  [1m[35m (0.9ms)[0m  [1m[35mCREATE TABLE "posts" ("id" integer PRIMARY KEY AUTOINCREMENT NOT NULL, "Title" varchar, "Autor" varchar, "Rating" integer, "Description" text, "created_at" datetime(6) NOT NULL, "updated_at" datetime(6) NOT NULL)[0m
  [1m[36mActiveRecord::SchemaMigration Create (0.1ms)[0m  [1m[32mINSERT INTO "schema_migrations" ("version") VALUES ('20231122115152') RETURNING "version"[0m
  [1m[36mTRANSACTION (0.1ms)[0m  [1m[36mcommit transaction[0m
  [1m[36mActiveRecord::SchemaMigration Load (0.0ms)[0m  [1m[34mSELECT "schema_migrations"."version" FROM "schema_migrations" ORDER BY "schema_migrations"."version" ASC[0m
Started GET "/" for 127.0.0.1 at 2023-11-22 08:53:02 -0300
  [1m[36mActiveRecord::SchemaMigration Load (0.1ms)[0m  [1m[34mSELECT "schema_migrations"."version" FROM "schema_migrations" ORDER BY "schema_migrations"."version" ASC[0m
  
ActionController::RoutingError (uninitialized constant HomeController):
  
Started GET "/" for 127.0.0.1 at 2023-11-22 08:53:18 -0300
  
ActionController::RoutingError (uninitialized constant HomeController):
  
Started GET "/" for 127.0.0.1 at 2023-11-22 08:53:19 -0300
  
ActionController::RoutingError (uninitialized constant HomeController):
  
  [1m[36mActiveRecord::InternalMetadata Load (0.8ms)[0m  [1m[34mSELECT * FROM "ar_internal_metadata" WHERE "ar_internal_metadata"."key" = ? ORDER BY "ar_internal_metadata"."key" ASC LIMIT 1[0m  [[nil, "environment"]]
  [1m[36mActiveRecord::SchemaMigration Load (0.1ms)[0m  [1m[34mSELECT "schema_migrations"."version" FROM "schema_migrations" ORDER BY "schema_migrations"."version" ASC[0m
  [1m[36mActiveRecord::SchemaMigration Load (0.0ms)[0m  [1m[34mSELECT "schema_migrations"."version" FROM "schema_migrations" ORDER BY "schema_migrations"."version" ASC[0m
Started GET "/" for 127.0.0.1 at 2023-11-22 08:55:07 -0300
  [1m[36mActiveRecord::SchemaMigration Load (0.3ms)[0m  [1m[34mSELECT "schema_migrations"."version" FROM "schema_migrations" ORDER BY "schema_migrations"."version" ASC[0m
Processing by HomeController#index as HTML
  Rendering layout layouts/application.html.erb
  Rendering home/index.html.erb within layouts/application
  Rendered home/index.html.erb within layouts/application (Duration: 0.4ms | Allocations: 186)
  Rendered layout layouts/application.html.erb (Duration: 295.8ms | Allocations: 111446)
Completed 200 OK in 315ms (Views: 302.3ms | ActiveRecord: 0.0ms | Allocations: 116158)


Started GET "/posts" for 127.0.0.1 at 2023-11-22 08:55:11 -0300
Processing by PostsController#index as HTML
  Rendering layout layouts/application.html.erb
  Rendering posts/index.html.erb within layouts/application
  [1m[36mPost Load (0.1ms)[0m  [1m[34mSELECT "posts".* FROM "posts"[0m
  ↳ app/views/posts/index.html.erb:6
  Rendered posts/index.html.erb within layouts/application (Duration: 13.0ms | Allocations: 4073)
  Rendered layout layouts/application.html.erb (Duration: 16.4ms | Allocations: 6506)
Completed 200 OK in 47ms (Views: 15.9ms | ActiveRecord: 1.6ms | Allocations: 16021)


Started GET "/posts/new" for 127.0.0.1 at 2023-11-22 08:55:14 -0300
Processing by PostsController#new as HTML
  Rendering layout layouts/application.html.erb
  Rendering posts/new.html.erb within layouts/application
  Rendered posts/_form.html.erb (Duration: 8.1ms | Allocations: 3149)
  Rendered posts/new.html.erb within layouts/application (Duration: 9.3ms | Allocations: 3468)
  Rendered layout layouts/application.html.erb (Duration: 12.2ms | Allocations: 5871)
Completed 200 OK in 32ms (Views: 12.5ms | ActiveRecord: 0.5ms | Allocations: 17639)


Started POST "/posts" for 127.0.0.1 at 2023-11-22 08:55:40 -0300
Processing by PostsController#create as TURBO_STREAM
  Parameters: {"authenticity_token"=>"[FILTERED]", "post"=>{"Title"=>"Senhor dos aneis", "Autor"=>"Tolkien", "Rating"=>"5", "Description"=>"Lord of the rings"}, "commit"=>"Create Post"}
  [1m[36mTRANSACTION (0.0ms)[0m  [1m[36mbegin transaction[0m
  ↳ app/controllers/posts_controller.rb:27:in `block in create'
  [1m[36mPost Create (1.1ms)[0m  [1m[32mINSERT INTO "posts" ("Title", "Autor", "Rating", "Description", "created_at", "updated_at") VALUES (?, ?, ?, ?, ?, ?) RETURNING "id"[0m  [["Title", "Senhor dos aneis"], ["Autor", "Tolkien"], ["Rating", 5], ["Description", "Lord of the rings"], ["created_at", "2023-11-22 11:55:40.156861"], ["updated_at", "2023-11-22 11:55:40.156861"]]
  ↳ app/controllers/posts_controller.rb:27:in `block in create'
  [1m[36mTRANSACTION (0.4ms)[0m  [1m[36mcommit transaction[0m
  ↳ app/controllers/posts_controller.rb:27:in `block in create'
Redirected to http://127.0.0.1:3000/posts/1
Completed 302 Found in 6ms (ActiveRecord: 1.5ms | Allocations: 3475)


Started GET "/posts/1" for 127.0.0.1 at 2023-11-22 08:55:40 -0300
Processing by PostsController#show as TURBO_STREAM
  Parameters: {"id"=>"1"}
  [1m[36mPost Load (0.1ms)[0m  [1m[34mSELECT "posts".* FROM "posts" WHERE "posts"."id" = ? LIMIT ?[0m  [["id", 1], ["LIMIT", 1]]
  ↳ app/controllers/posts_controller.rb:63:in `set_post'
  Rendering layout layouts/application.html.erb
  Rendering posts/show.html.erb within layouts/application
  Rendered posts/_post.html.erb (Duration: 0.3ms | Allocations: 236)
  Rendered posts/show.html.erb within layouts/application (Duration: 3.2ms | Allocations: 1348)
  Rendered layout layouts/application.html.erb (Duration: 5.7ms | Allocations: 3746)
Completed 200 OK in 10ms (Views: 6.0ms | ActiveRecord: 0.1ms | Allocations: 6739)


Started GET "/posts" for 127.0.0.1 at 2023-11-22 08:55:48 -0300
Processing by PostsController#index as HTML
  Rendering layout layouts/application.html.erb
  Rendering posts/index.html.erb within layouts/application
  [1m[36mPost Load (0.1ms)[0m  [1m[34mSELECT "posts".* FROM "posts"[0m
  ↳ app/views/posts/index.html.erb:6
  Rendered posts/_post.html.erb (Duration: 0.1ms | Allocations: 24)
  Rendered posts/index.html.erb within layouts/application (Duration: 1.5ms | Allocations: 830)
  Rendered layout layouts/application.html.erb (Duration: 11.5ms | Allocations: 3233)
Completed 200 OK in 12ms (Views: 11.8ms | ActiveRecord: 0.1ms | Allocations: 3498)


Started GET "/posts/new" for 127.0.0.1 at 2023-11-22 08:55:49 -0300
Processing by PostsController#new as HTML
  Rendering layout layouts/application.html.erb
  Rendering posts/new.html.erb within layouts/application
  Rendered posts/_form.html.erb (Duration: 4.4ms | Allocations: 1114)
  Rendered posts/new.html.erb within layouts/application (Duration: 5.6ms | Allocations: 1193)
  Rendered layout layouts/application.html.erb (Duration: 15.7ms | Allocations: 3595)
Completed 200 OK in 17ms (Views: 16.0ms | ActiveRecord: 0.0ms | Allocations: 3864)


Started POST "/posts" for 127.0.0.1 at 2023-11-22 08:56:03 -0300
Processing by PostsController#create as TURBO_STREAM
  Parameters: {"authenticity_token"=>"[FILTERED]", "post"=>{"Title"=>"Fundação", "Autor"=>"Isac Asimov", "Rating"=>"5", "Description"=>"Fundação"}, "commit"=>"Create Post"}
  [1m[36mTRANSACTION (0.0ms)[0m  [1m[36mbegin transaction[0m
  ↳ app/controllers/posts_controller.rb:27:in `block in create'
  [1m[36mPost Create (1.1ms)[0m  [1m[32mINSERT INTO "posts" ("Title", "Autor", "Rating", "Description", "created_at", "updated_at") VALUES (?, ?, ?, ?, ?, ?) RETURNING "id"[0m  [["Title", "Fundação"], ["Autor", "Isac Asimov"], ["Rating", 5], ["Description", "Fundação"], ["created_at", "2023-11-22 11:56:03.674824"], ["updated_at", "2023-11-22 11:56:03.674824"]]
  ↳ app/controllers/posts_controller.rb:27:in `block in create'
  [1m[36mTRANSACTION (0.4ms)[0m  [1m[36mcommit transaction[0m
  ↳ app/controllers/posts_controller.rb:27:in `block in create'
Redirected to http://127.0.0.1:3000/posts/2
Completed 302 Found in 4ms (ActiveRecord: 1.6ms | Allocations: 2056)


Started GET "/posts/2" for 127.0.0.1 at 2023-11-22 08:56:03 -0300
Processing by PostsController#show as TURBO_STREAM
  Parameters: {"id"=>"2"}
  [1m[36mPost Load (0.1ms)[0m  [1m[34mSELECT "posts".* FROM "posts" WHERE "posts"."id" = ? LIMIT ?[0m  [["id", 2], ["LIMIT", 1]]
  ↳ app/controllers/posts_controller.rb:63:in `set_post'
  Rendering layout layouts/application.html.erb
  Rendering posts/show.html.erb within layouts/application
  Rendered posts/_post.html.erb (Duration: 0.0ms | Allocations: 22)
  Rendered posts/show.html.erb within layouts/application (Duration: 0.8ms | Allocations: 540)
  Rendered layout layouts/application.html.erb (Duration: 4.3ms | Allocations: 2951)
Completed 200 OK in 6ms (Views: 4.6ms | ActiveRecord: 0.1ms | Allocations: 3579)


Started GET "/posts" for 127.0.0.1 at 2023-11-22 08:56:05 -0300
Processing by PostsController#index as HTML
  Rendering layout layouts/application.html.erb
  Rendering posts/index.html.erb within layouts/application
  [1m[36mPost Load (0.1ms)[0m  [1m[34mSELECT "posts".* FROM "posts"[0m
  ↳ app/views/posts/index.html.erb:6
  Rendered posts/_post.html.erb (Duration: 0.1ms | Allocations: 24)
  Rendered posts/_post.html.erb (Duration: 0.0ms | Allocations: 21)
  Rendered posts/index.html.erb within layouts/application (Duration: 1.6ms | Allocations: 957)
  Rendered layout layouts/application.html.erb (Duration: 4.1ms | Allocations: 3363)
Completed 200 OK in 5ms (Views: 4.3ms | ActiveRecord: 0.1ms | Allocations: 3622)


Started GET "/" for 127.0.0.1 at 2023-11-22 09:22:40 -0300
  [1m[36mActiveRecord::SchemaMigration Load (0.5ms)[0m  [1m[34mSELECT "schema_migrations"."version" FROM "schema_migrations" ORDER BY "schema_migrations"."version" ASC[0m
Processing by HomeController#index as HTML
  Rendering layout layouts/application.html.erb
  Rendering home/index.html.erb within layouts/application
  Rendered home/index.html.erb within layouts/application (Duration: 0.3ms | Allocations: 186)
  Rendered layout layouts/application.html.erb (Duration: 103.6ms | Allocations: 43671)
Completed 200 OK in 118ms (Views: 108.0ms | ActiveRecord: 0.0ms | Allocations: 47735)


Started GET "/posts" for 127.0.0.1 at 2023-11-22 09:22:44 -0300
Processing by PostsController#index as HTML
  Rendering layout layouts/application.html.erb
  Rendering posts/index.html.erb within layouts/application
  [1m[36mPost Load (0.1ms)[0m  [1m[34mSELECT "posts".* FROM "posts"[0m
  ↳ app/views/posts/index.html.erb:6
  Rendered posts/_post.html.erb (Duration: 0.7ms | Allocations: 271)
  Rendered posts/_post.html.erb (Duration: 0.0ms | Allocations: 21)
  Rendered posts/index.html.erb within layouts/application (Duration: 26.6ms | Allocations: 13570)
  Rendered layout layouts/application.html.erb (Duration: 29.2ms | Allocations: 15988)
Completed 200 OK in 45ms (Views: 28.2ms | ActiveRecord: 2.0ms | Allocations: 22323)


Started GET "/rails/info/routes" for 127.0.0.1 at 2023-11-22 09:22:55 -0300
Processing by Rails::InfoController#routes as HTML
  Rendering layout /Users/brenomarcomini/.asdf/installs/ruby/3.2.2/lib/ruby/gems/3.2.0/gems/railties-7.1.2/lib/rails/templates/layouts/application.html.erb
  Rendering /Users/brenomarcomini/.asdf/installs/ruby/3.2.2/lib/ruby/gems/3.2.0/gems/railties-7.1.2/lib/rails/templates/rails/info/routes.html.erb within layouts/application
  Rendered collection of /Users/brenomarcomini/.asdf/installs/ruby/3.2.2/lib/ruby/gems/3.2.0/gems/actionpack-7.1.2/lib/action_dispatch/middleware/templates/routes/_route.html.erb [37 times] (Duration: 8.9ms | Allocations: 6656)
  Rendered /Users/brenomarcomini/.asdf/installs/ruby/3.2.2/lib/ruby/gems/3.2.0/gems/actionpack-7.1.2/lib/action_dispatch/middleware/templates/routes/_table.html.erb (Duration: 2.1ms | Allocations: 913)
  Rendered /Users/brenomarcomini/.asdf/installs/ruby/3.2.2/lib/ruby/gems/3.2.0/gems/railties-7.1.2/lib/rails/templates/rails/info/routes.html.erb within layouts/application (Duration: 15.0ms | Allocations: 11393)
  Rendered layout /Users/brenomarcomini/.asdf/installs/ruby/3.2.2/lib/ruby/gems/3.2.0/gems/railties-7.1.2/lib/rails/templates/layouts/application.html.erb (Duration: 15.5ms | Allocations: 11670)
Completed 200 OK in 20ms (Views: 17.9ms | ActiveRecord: 0.0ms | Allocations: 12568)


